Grammar

    0 $accept: ass $end

    1 ass: ID EQ exp SC

    2 exp: ID OP ID
    3    | exp OP ID


Terminals, with rules where they appear

$end (0) 0
error (256)
ID (258) 1 2 3
OP (259) 2 3
EQ (260) 1
SC (261) 1


Nonterminals, with rules where they appear

$accept (7)
    on left: 0
ass (8)
    on left: 1, on right: 0
exp (9)
    on left: 2 3, on right: 1 3


State 0

    0 $accept: . ass $end

    ID  shift, and go to state 1

    ass  go to state 2


State 1

    1 ass: ID . EQ exp SC

    EQ  shift, and go to state 3


State 2

    0 $accept: ass . $end

    $end  shift, and go to state 4


State 3

    1 ass: ID EQ . exp SC

    ID  shift, and go to state 5

    exp  go to state 6


State 4

    0 $accept: ass $end .

    $default  accept


State 5

    2 exp: ID . OP ID

    OP  shift, and go to state 7


State 6

    1 ass: ID EQ exp . SC
    3 exp: exp . OP ID

    OP  shift, and go to state 8
    SC  shift, and go to state 9


State 7

    2 exp: ID OP . ID

    ID  shift, and go to state 10


State 8

    3 exp: exp OP . ID

    ID  shift, and go to state 11


State 9

    1 ass: ID EQ exp SC .

    $default  reduce using rule 1 (ass)


State 10

    2 exp: ID OP ID .

    $default  reduce using rule 2 (exp)


State 11

    3 exp: exp OP ID .

    $default  reduce using rule 3 (exp)
